e:\google drive\cloud source code\dec2016gameproject - copy (2)\dec2016gameproject\release\vc140.pdb
e:\google drive\cloud source code\dec2016gameproject - copy (2)\dec2016gameproject\release\gearcontainer.obj
e:\google drive\cloud source code\dec2016gameproject - copy (2)\dec2016gameproject\release\gear.obj
e:\google drive\cloud source code\dec2016gameproject - copy (2)\dec2016gameproject\release\gamecontactlistener.obj
e:\google drive\cloud source code\dec2016gameproject - copy (2)\dec2016gameproject\release\fish.obj
e:\google drive\cloud source code\dec2016gameproject - copy (2)\dec2016gameproject\release\explosion.obj
e:\google drive\cloud source code\dec2016gameproject - copy (2)\dec2016gameproject\release\ecosystem.obj
e:\google drive\cloud source code\dec2016gameproject - copy (2)\dec2016gameproject\release\destination.obj
e:\google drive\cloud source code\dec2016gameproject - copy (2)\dec2016gameproject\release\cloudcontainer.obj
e:\google drive\cloud source code\dec2016gameproject - copy (2)\dec2016gameproject\release\cloud.obj
e:\google drive\cloud source code\dec2016gameproject - copy (2)\dec2016gameproject\release\clock.obj
e:\google drive\cloud source code\dec2016gameproject - copy (2)\dec2016gameproject\release\camera.obj
e:\google drive\cloud source code\dec2016gameproject - copy (2)\dec2016gameproject\release\buoyancycontroller.obj
e:\google drive\cloud source code\dec2016gameproject - copy (2)\dec2016gameproject\release\bunnyear.obj
e:\google drive\cloud source code\dec2016gameproject - copy (2)\dec2016gameproject\release\bridgecontainer.obj
e:\google drive\cloud source code\dec2016gameproject - copy (2)\dec2016gameproject\release\bridge.obj
e:\google drive\cloud source code\dec2016gameproject - copy (2)\dec2016gameproject\release\brick.obj
e:\google drive\cloud source code\dec2016gameproject - copy (2)\dec2016gameproject\release\bolt.obj
e:\google drive\cloud source code\dec2016gameproject - copy (2)\dec2016gameproject\release\boid.obj
e:\google drive\cloud source code\dec2016gameproject - copy (2)\dec2016gameproject\release\bee.obj
e:\google drive\cloud source code\dec2016gameproject - copy (2)\dec2016gameproject\release\background.obj
e:\google drive\cloud source code\dec2016gameproject - copy (2)\dec2016gameproject\release\particle.obj
e:\google drive\cloud source code\dec2016gameproject - copy (2)\dec2016gameproject\release\mover.obj
e:\google drive\cloud source code\dec2016gameproject - copy (2)\dec2016gameproject\release\mouse.obj
e:\google drive\cloud source code\dec2016gameproject - copy (2)\dec2016gameproject\release\mountainbrick.obj
e:\google drive\cloud source code\dec2016gameproject - copy (2)\dec2016gameproject\release\mountain.obj
e:\google drive\cloud source code\dec2016gameproject - copy (2)\dec2016gameproject\release\monstercontainer.obj
e:\google drive\cloud source code\dec2016gameproject - copy (2)\dec2016gameproject\release\monster.obj
e:\google drive\cloud source code\dec2016gameproject - copy (2)\dec2016gameproject\release\menumanager.obj
e:\google drive\cloud source code\dec2016gameproject - copy (2)\dec2016gameproject\release\map.obj
e:\google drive\cloud source code\dec2016gameproject - copy (2)\dec2016gameproject\release\mainmanager.obj
e:\google drive\cloud source code\dec2016gameproject - copy (2)\dec2016gameproject\release\maingame.obj
e:\google drive\cloud source code\dec2016gameproject - copy (2)\dec2016gameproject\release\main.obj
e:\google drive\cloud source code\dec2016gameproject - copy (2)\dec2016gameproject\release\lightning.obj
e:\google drive\cloud source code\dec2016gameproject - copy (2)\dec2016gameproject\release\levelmanager.obj
e:\google drive\cloud source code\dec2016gameproject - copy (2)\dec2016gameproject\release\layer.obj
e:\google drive\cloud source code\dec2016gameproject - copy (2)\dec2016gameproject\release\lasercontainer.obj
e:\google drive\cloud source code\dec2016gameproject - copy (2)\dec2016gameproject\release\laser.obj
e:\google drive\cloud source code\dec2016gameproject - copy (2)\dec2016gameproject\release\groupofcloud.obj
e:\google drive\cloud source code\dec2016gameproject - copy (2)\dec2016gameproject\release\ground.obj
e:\google drive\cloud source code\dec2016gameproject - copy (2)\dec2016gameproject\release\gearmachine.obj
e:\google drive\cloud source code\dec2016gameproject - copy (2)\dec2016gameproject\release\swarmofbee.obj
e:\google drive\cloud source code\dec2016gameproject - copy (2)\dec2016gameproject\release\soundcontroller.obj
e:\google drive\cloud source code\dec2016gameproject - copy (2)\dec2016gameproject\release\soundcontainer.obj
e:\google drive\cloud source code\dec2016gameproject - copy (2)\dec2016gameproject\release\sound.obj
e:\google drive\cloud source code\dec2016gameproject - copy (2)\dec2016gameproject\release\skin.obj
e:\google drive\cloud source code\dec2016gameproject - copy (2)\dec2016gameproject\release\settingscreen.obj
e:\google drive\cloud source code\dec2016gameproject - copy (2)\dec2016gameproject\release\schooloffish.obj
e:\google drive\cloud source code\dec2016gameproject - copy (2)\dec2016gameproject\release\relector.obj
e:\google drive\cloud source code\dec2016gameproject - copy (2)\dec2016gameproject\release\reflectorcontainer.obj
e:\google drive\cloud source code\dec2016gameproject - copy (2)\dec2016gameproject\release\poster.obj
e:\google drive\cloud source code\dec2016gameproject - copy (2)\dec2016gameproject\release\poolcontainer.obj
e:\google drive\cloud source code\dec2016gameproject - copy (2)\dec2016gameproject\release\pool.obj
e:\google drive\cloud source code\dec2016gameproject - copy (2)\dec2016gameproject\release\polecontainer.obj
e:\google drive\cloud source code\dec2016gameproject - copy (2)\dec2016gameproject\release\pole.obj
e:\google drive\cloud source code\dec2016gameproject - copy (2)\dec2016gameproject\release\photon.obj
e:\google drive\cloud source code\dec2016gameproject - copy (2)\dec2016gameproject\release\perlin.obj
e:\google drive\cloud source code\dec2016gameproject - copy (2)\dec2016gameproject\release\pausescreen.obj
e:\google drive\cloud source code\dec2016gameproject - copy (2)\dec2016gameproject\release\path.obj
e:\google drive\cloud source code\dec2016gameproject - copy (2)\dec2016gameproject\release\particlesystem.obj
e:\google drive\cloud source code\dec2016gameproject - copy (2)\dec2016gameproject\release\particleexplosion.obj
e:\google drive\cloud source code\dec2016gameproject - copy (2)\dec2016gameproject\release\youwin.obj
e:\google drive\cloud source code\dec2016gameproject - copy (2)\dec2016gameproject\release\window.obj
e:\google drive\cloud source code\dec2016gameproject - copy (2)\dec2016gameproject\release\texture.obj
e:\google drive\cloud source code\dec2016gameproject - copy (2)\release\dec2016gameproject.exe
e:\google drive\cloud source code\dec2016gameproject - copy (2)\release\dec2016gameproject.ipdb
e:\google drive\cloud source code\dec2016gameproject - copy (2)\release\dec2016gameproject.iobj
e:\google drive\cloud source code\dec2016gameproject - copy (2)\release\dec2016gameproject.pdb
e:\google drive\cloud source code\dec2016gameproject - copy (2)\dec2016gameproject\release\dec2016g.7c01703c.tlog\cl.command.1.tlog
e:\google drive\cloud source code\dec2016gameproject - copy (2)\dec2016gameproject\release\dec2016g.7c01703c.tlog\cl.read.1.tlog
e:\google drive\cloud source code\dec2016gameproject - copy (2)\dec2016gameproject\release\dec2016g.7c01703c.tlog\cl.write.1.tlog
e:\google drive\cloud source code\dec2016gameproject - copy (2)\dec2016gameproject\release\dec2016g.7c01703c.tlog\link.command.1.tlog
e:\google drive\cloud source code\dec2016gameproject - copy (2)\dec2016gameproject\release\dec2016g.7c01703c.tlog\link.read.1.tlog
e:\google drive\cloud source code\dec2016gameproject - copy (2)\dec2016gameproject\release\dec2016g.7c01703c.tlog\link.write.1.tlog
