  Background.cpp
  Bee.cpp
  Boid.cpp
  Bolt.cpp
  Brick.cpp
  Bridge.cpp
  BridgeContainer.cpp
  BunnyEar.cpp
  BuoyancyController.cpp
  Camera.cpp
  Clock.cpp
  cloud.cpp
  CloudContainer.cpp
  Destination.cpp
  Ecosystem.cpp
  Explosion.cpp
  Fish.cpp
  GameContactListener.cpp
  Gear.cpp
  GearContainer.cpp
  Compiling...
  GearMachine.cpp
  Ground.cpp
  GroupOfCloud.cpp
  Laser.cpp
  LaserContainer.cpp
  Layer.cpp
  LevelManager.cpp
  Lightning.cpp
  main.cpp
  MainGame.cpp
  MainManager.cpp
  Map.cpp
  MenuManager.cpp
  Monster.cpp
  MonsterContainer.cpp
  Mountain.cpp
  MountainBrick.cpp
  Mouse.cpp
  Mover.cpp
  Particle.cpp
  Compiling...
  ParticleExplosion.cpp
  ParticleSystem.cpp
  Path.cpp
  PauseScreen.cpp
  Perlin.cpp
  Photon.cpp
  Pole.cpp
  PoleContainer.cpp
  Pool.cpp
  PoolContainer.cpp
  Poster.cpp
Poster.cpp(43): warning C4244: 'argument': conversion from 'float' to 'int', possible loss of data
  ReflectorContainer.cpp
  Relector.cpp
  SchoolOfFish.cpp
  SettingScreen.cpp
  Skin.cpp
  Sound.cpp
  SoundContainer.cpp
  SoundController.cpp
  SwarmOfBee.cpp
  Compiling...
  Texture.cpp
  Window.cpp
  YouWin.cpp
  Generating code
  All 1983 functions were compiled because no usable IPDB/IOBJ from previous compilation was found.
  Finished generating code
  Dec2016GameProject.vcxproj -> E:\Google Drive\Cloud Source Code\Dec2016GameProject - Copy (2)\Release\Dec2016GameProject.exe
  Dec2016GameProject.vcxproj -> E:\Google Drive\Cloud Source Code\Dec2016GameProject - Copy (2)\Release\Dec2016GameProject.pdb (Full PDB)
