  YouWin.cpp
  Window.cpp
  Texture.cpp
  SwarmOfBee.cpp
  SoundController.cpp
  SoundContainer.cpp
  Sound.cpp
  Skin.cpp
  SettingScreen.cpp
  SchoolOfFish.cpp
  Relector.cpp
  ReflectorContainer.cpp
  Poster.cpp
e:\google drive\cloud source code\dec2016gameproject - copy (2)\dec2016gameproject\poster.cpp(43): warning C4244: 'argument': conversion from 'float' to 'int', possible loss of data
  PoolContainer.cpp
  Pool.cpp
  PoleContainer.cpp
  Pole.cpp
  Photon.cpp
  Perlin.cpp
  PauseScreen.cpp
  Generating Code...
  Compiling...
  Path.cpp
  ParticleSystem.cpp
  ParticleExplosion.cpp
  Particle.cpp
  Mover.cpp
  Mouse.cpp
  MountainBrick.cpp
  Mountain.cpp
  MonsterContainer.cpp
  Monster.cpp
  MenuManager.cpp
  Map.cpp
  MainManager.cpp
  MainGame.cpp
  main.cpp
  Lightning.cpp
  LevelManager.cpp
  Layer.cpp
  LaserContainer.cpp
  Laser.cpp
  Generating Code...
  Compiling...
  GroupOfCloud.cpp
  Ground.cpp
  GearMachine.cpp
  GearContainer.cpp
  Gear.cpp
  GameContactListener.cpp
  Fish.cpp
  Explosion.cpp
  Ecosystem.cpp
  Destination.cpp
  CloudContainer.cpp
  cloud.cpp
  Clock.cpp
  Camera.cpp
  BuoyancyController.cpp
  BunnyEar.cpp
  BridgeContainer.cpp
  Bridge.cpp
  Brick.cpp
  Bolt.cpp
  Generating Code...
  Compiling...
  Boid.cpp
  Bee.cpp
  Background.cpp
  Generating Code...
  Dec2016GameProject.vcxproj -> E:\Google Drive\Cloud Source Code\Dec2016GameProject - Copy (2)\Debug\Dec2016GameProject.exe
  Dec2016GameProject.vcxproj -> E:\Google Drive\Cloud Source Code\Dec2016GameProject - Copy (2)\Debug\Dec2016GameProject.pdb (Partial PDB)
