e:\google drive\cloud source code\dec2016gameproject\dec2016gameproject\debug\dec2016gameproject\vc140.pdb
e:\google drive\cloud source code\dec2016gameproject\dec2016gameproject\debug\dec2016gameproject\vc140.idb
e:\google drive\cloud source code\dec2016gameproject - copy (2)\dec2016gameproject\debug\dec2016gameproject\vc140.pdb
e:\google drive\cloud source code\dec2016gameproject - copy (2)\dec2016gameproject\debug\dec2016gameproject\vc140.idb
e:\google drive\cloud source code\dec2016gameproject - copy (2)\dec2016gameproject\debug\dec2016gameproject\poster.obj
e:\google drive\cloud source code\dec2016gameproject - copy (2)\dec2016gameproject\debug\dec2016gameproject\reflectorcontainer.obj
e:\google drive\cloud source code\dec2016gameproject - copy (2)\dec2016gameproject\debug\dec2016gameproject\relector.obj
e:\google drive\cloud source code\dec2016gameproject - copy (2)\dec2016gameproject\debug\dec2016gameproject\settingscreen.obj
e:\google drive\cloud source code\dec2016gameproject - copy (2)\dec2016gameproject\debug\dec2016gameproject\skin.obj
e:\google drive\cloud source code\dec2016gameproject - copy (2)\dec2016gameproject\debug\dec2016gameproject\sound.obj
e:\google drive\cloud source code\dec2016gameproject - copy (2)\dec2016gameproject\debug\dec2016gameproject\soundcontainer.obj
e:\google drive\cloud source code\dec2016gameproject - copy (2)\dec2016gameproject\debug\dec2016gameproject\soundcontroller.obj
e:\google drive\cloud source code\dec2016gameproject - copy (2)\dec2016gameproject\debug\dec2016gameproject\texture.obj
e:\google drive\cloud source code\dec2016gameproject - copy (2)\dec2016gameproject\debug\dec2016gameproject\window.obj
e:\google drive\cloud source code\dec2016gameproject - copy (2)\dec2016gameproject\debug\dec2016gameproject\youwin.obj
e:\google drive\cloud source code\dec2016gameproject - copy (2)\dec2016gameproject\debug\dec2016gameproject\main.obj
e:\google drive\cloud source code\dec2016gameproject - copy (2)\dec2016gameproject\debug\dec2016gameproject\mainmanager.obj
e:\google drive\cloud source code\dec2016gameproject - copy (2)\dec2016gameproject\debug\dec2016gameproject\map.obj
e:\google drive\cloud source code\dec2016gameproject - copy (2)\dec2016gameproject\debug\dec2016gameproject\menumanager.obj
e:\google drive\cloud source code\dec2016gameproject - copy (2)\dec2016gameproject\debug\dec2016gameproject\mountain.obj
e:\google drive\cloud source code\dec2016gameproject - copy (2)\dec2016gameproject\debug\dec2016gameproject\mountainbrick.obj
e:\google drive\cloud source code\dec2016gameproject - copy (2)\dec2016gameproject\debug\dec2016gameproject\mover.obj
e:\google drive\cloud source code\dec2016gameproject - copy (2)\dec2016gameproject\debug\dec2016gameproject\particle.obj
e:\google drive\cloud source code\dec2016gameproject - copy (2)\dec2016gameproject\debug\dec2016gameproject\particleexplosion.obj
e:\google drive\cloud source code\dec2016gameproject - copy (2)\dec2016gameproject\debug\dec2016gameproject\particlesystem.obj
e:\google drive\cloud source code\dec2016gameproject - copy (2)\dec2016gameproject\debug\dec2016gameproject\path.obj
e:\google drive\cloud source code\dec2016gameproject - copy (2)\dec2016gameproject\debug\dec2016gameproject\pausescreen.obj
e:\google drive\cloud source code\dec2016gameproject - copy (2)\dec2016gameproject\debug\dec2016gameproject\perlin.obj
e:\google drive\cloud source code\dec2016gameproject - copy (2)\dec2016gameproject\debug\dec2016gameproject\photon.obj
e:\google drive\cloud source code\dec2016gameproject - copy (2)\dec2016gameproject\debug\dec2016gameproject\pool.obj
e:\google drive\cloud source code\dec2016gameproject - copy (2)\dec2016gameproject\debug\dec2016gameproject\poolcontainer.obj
e:\google drive\cloud source code\dec2016gameproject - copy (2)\dec2016gameproject\debug\dec2016gameproject\clock.obj
e:\google drive\cloud source code\dec2016gameproject - copy (2)\dec2016gameproject\debug\dec2016gameproject\cloud.obj
e:\google drive\cloud source code\dec2016gameproject - copy (2)\dec2016gameproject\debug\dec2016gameproject\destination.obj
e:\google drive\cloud source code\dec2016gameproject - copy (2)\dec2016gameproject\debug\dec2016gameproject\ecosystem.obj
e:\google drive\cloud source code\dec2016gameproject - copy (2)\dec2016gameproject\debug\dec2016gameproject\explosion.obj
e:\google drive\cloud source code\dec2016gameproject - copy (2)\dec2016gameproject\debug\dec2016gameproject\fish.obj
e:\google drive\cloud source code\dec2016gameproject - copy (2)\dec2016gameproject\debug\dec2016gameproject\gamecontactlistener.obj
e:\google drive\cloud source code\dec2016gameproject - copy (2)\dec2016gameproject\debug\dec2016gameproject\ground.obj
e:\google drive\cloud source code\dec2016gameproject - copy (2)\dec2016gameproject\debug\dec2016gameproject\laser.obj
e:\google drive\cloud source code\dec2016gameproject - copy (2)\dec2016gameproject\debug\dec2016gameproject\lasercontainer.obj
e:\google drive\cloud source code\dec2016gameproject - copy (2)\dec2016gameproject\debug\dec2016gameproject\layer.obj
e:\google drive\cloud source code\dec2016gameproject - copy (2)\dec2016gameproject\debug\dec2016gameproject\levelmanager.obj
e:\google drive\cloud source code\dec2016gameproject - copy (2)\dec2016gameproject\debug\dec2016gameproject\lightning.obj
e:\google drive\cloud source code\dec2016gameproject - copy (2)\dec2016gameproject\debug\dec2016gameproject\background.obj
e:\google drive\cloud source code\dec2016gameproject - copy (2)\dec2016gameproject\debug\dec2016gameproject\brick.obj
e:\google drive\cloud source code\dec2016gameproject - copy (2)\dec2016gameproject\debug\dec2016gameproject\bridge.obj
e:\google drive\cloud source code\dec2016gameproject - copy (2)\dec2016gameproject\debug\dec2016gameproject\bridgecontainer.obj
e:\google drive\cloud source code\dec2016gameproject - copy (2)\dec2016gameproject\debug\dec2016gameproject\bunnyear.obj
e:\google drive\cloud source code\dec2016gameproject - copy (2)\dec2016gameproject\debug\dec2016gameproject\buoyancycontroller.obj
e:\google drive\cloud source code\dec2016gameproject - copy (2)\dec2016gameproject\debug\dec2016gameproject\camera.obj
e:\google drive\cloud source code\dec2016gameproject - copy (2)\dec2016gameproject\debug\dec2016gameproject\bee.obj
e:\google drive\cloud source code\dec2016gameproject - copy (2)\dec2016gameproject\debug\dec2016gameproject\boid.obj
e:\google drive\cloud source code\dec2016gameproject - copy (2)\dec2016gameproject\debug\dec2016gameproject\bolt.obj
e:\google drive\cloud source code\dec2016gameproject - copy (2)\dec2016gameproject\debug\dec2016gameproject\cloudcontainer.obj
e:\google drive\cloud source code\dec2016gameproject - copy (2)\dec2016gameproject\debug\dec2016gameproject\gear.obj
e:\google drive\cloud source code\dec2016gameproject - copy (2)\dec2016gameproject\debug\dec2016gameproject\gearcontainer.obj
e:\google drive\cloud source code\dec2016gameproject - copy (2)\dec2016gameproject\debug\dec2016gameproject\gearmachine.obj
e:\google drive\cloud source code\dec2016gameproject - copy (2)\dec2016gameproject\debug\dec2016gameproject\groupofcloud.obj
e:\google drive\cloud source code\dec2016gameproject - copy (2)\dec2016gameproject\debug\dec2016gameproject\maingame.obj
e:\google drive\cloud source code\dec2016gameproject - copy (2)\dec2016gameproject\debug\dec2016gameproject\monster.obj
e:\google drive\cloud source code\dec2016gameproject - copy (2)\dec2016gameproject\debug\dec2016gameproject\monstercontainer.obj
e:\google drive\cloud source code\dec2016gameproject - copy (2)\dec2016gameproject\debug\dec2016gameproject\mouse.obj
e:\google drive\cloud source code\dec2016gameproject - copy (2)\dec2016gameproject\debug\dec2016gameproject\pole.obj
e:\google drive\cloud source code\dec2016gameproject - copy (2)\dec2016gameproject\debug\dec2016gameproject\polecontainer.obj
e:\google drive\cloud source code\dec2016gameproject - copy (2)\dec2016gameproject\debug\dec2016gameproject\schooloffish.obj
e:\google drive\cloud source code\dec2016gameproject - copy (2)\dec2016gameproject\debug\dec2016gameproject\swarmofbee.obj
e:\google drive\cloud source code\dec2016gameproject\debug\dec2016gameproject.ilk
e:\google drive\cloud source code\dec2016gameproject\debug\dec2016gameproject.exe
e:\google drive\cloud source code\dec2016gameproject\debug\dec2016gameproject.pdb
e:\google drive\cloud source code\dec2016gameproject - copy (2)\debug\dec2016gameproject.ilk
e:\google drive\cloud source code\dec2016gameproject - copy (2)\debug\dec2016gameproject.exe
e:\google drive\cloud source code\dec2016gameproject - copy (2)\debug\dec2016gameproject.pdb
e:\google drive\cloud source code\dec2016gameproject - copy (2)\dec2016gameproject\debug\dec2016gameproject\dec2016g.7c01703c.tlog\cl.command.1.tlog
e:\google drive\cloud source code\dec2016gameproject - copy (2)\dec2016gameproject\debug\dec2016gameproject\dec2016g.7c01703c.tlog\cl.read.1.tlog
e:\google drive\cloud source code\dec2016gameproject - copy (2)\dec2016gameproject\debug\dec2016gameproject\dec2016g.7c01703c.tlog\cl.write.1.tlog
e:\google drive\cloud source code\dec2016gameproject - copy (2)\dec2016gameproject\debug\dec2016gameproject\dec2016g.7c01703c.tlog\link.command.1.tlog
e:\google drive\cloud source code\dec2016gameproject - copy (2)\dec2016gameproject\debug\dec2016gameproject\dec2016g.7c01703c.tlog\link.read.1.tlog
e:\google drive\cloud source code\dec2016gameproject - copy (2)\dec2016gameproject\debug\dec2016gameproject\dec2016g.7c01703c.tlog\link.write.1.tlog
