e:\google drive\cloud source code\dec2016gameproject\dec2016gameproject\debug\vc140.pdb
e:\google drive\cloud source code\dec2016gameproject\dec2016gameproject\debug\vc140.idb
e:\google drive\cloud source code\dec2016gameproject\dec2016gameproject\debug\poolcontainer.obj
e:\google drive\cloud source code\dec2016gameproject\dec2016gameproject\debug\poster.obj
e:\google drive\cloud source code\dec2016gameproject\dec2016gameproject\debug\powerpole.obj
e:\google drive\cloud source code\dec2016gameproject\dec2016gameproject\debug\powerpolecontainer.obj
e:\google drive\cloud source code\dec2016gameproject\dec2016gameproject\debug\reflectorcontainer.obj
e:\google drive\cloud source code\dec2016gameproject\dec2016gameproject\debug\relector.obj
e:\google drive\cloud source code\dec2016gameproject\dec2016gameproject\debug\sendmessage.obj
e:\google drive\cloud source code\dec2016gameproject\dec2016gameproject\debug\settingscreen.obj
e:\google drive\cloud source code\dec2016gameproject\dec2016gameproject\debug\shape.obj
e:\google drive\cloud source code\dec2016gameproject\dec2016gameproject\debug\skeleton.obj
e:\google drive\cloud source code\dec2016gameproject\dec2016gameproject\debug\skin.obj
e:\google drive\cloud source code\dec2016gameproject\dec2016gameproject\debug\sound.obj
e:\google drive\cloud source code\dec2016gameproject\dec2016gameproject\debug\soundcontainer.obj
e:\google drive\cloud source code\dec2016gameproject\dec2016gameproject\debug\soundcontroller.obj
e:\google drive\cloud source code\dec2016gameproject\dec2016gameproject\debug\texture.obj
e:\google drive\cloud source code\dec2016gameproject\dec2016gameproject\debug\thundercloudvalley.obj
e:\google drive\cloud source code\dec2016gameproject\dec2016gameproject\debug\trees.obj
e:\google drive\cloud source code\dec2016gameproject\dec2016gameproject\debug\valleycontainer.obj
e:\google drive\cloud source code\dec2016gameproject\dec2016gameproject\debug\vehicle.obj
e:\google drive\cloud source code\dec2016gameproject\dec2016gameproject\debug\window.obj
e:\google drive\cloud source code\dec2016gameproject\dec2016gameproject\debug\clock.obj
e:\google drive\cloud source code\dec2016gameproject\dec2016gameproject\debug\cloud.obj
e:\google drive\cloud source code\dec2016gameproject\dec2016gameproject\debug\cluster.obj
e:\google drive\cloud source code\dec2016gameproject\dec2016gameproject\debug\destination.obj
e:\google drive\cloud source code\dec2016gameproject\dec2016gameproject\debug\ecosystem.obj
e:\google drive\cloud source code\dec2016gameproject\dec2016gameproject\debug\explosion.obj
e:\google drive\cloud source code\dec2016gameproject\dec2016gameproject\debug\fish.obj
e:\google drive\cloud source code\dec2016gameproject\dec2016gameproject\debug\flockofbird.obj
e:\google drive\cloud source code\dec2016gameproject\dec2016gameproject\debug\gamecontactlistener.obj
e:\google drive\cloud source code\dec2016gameproject\dec2016gameproject\debug\gamecursor.obj
e:\google drive\cloud source code\dec2016gameproject\dec2016gameproject\debug\gameexperiment.obj
e:\google drive\cloud source code\dec2016gameproject\dec2016gameproject\debug\gameobjects.obj
e:\google drive\cloud source code\dec2016gameproject\dec2016gameproject\debug\background.obj
e:\google drive\cloud source code\dec2016gameproject\dec2016gameproject\debug\bird.obj
e:\google drive\cloud source code\dec2016gameproject\dec2016gameproject\debug\brick.obj
e:\google drive\cloud source code\dec2016gameproject\dec2016gameproject\debug\bridge.obj
e:\google drive\cloud source code\dec2016gameproject\dec2016gameproject\debug\bridgecontainer.obj
e:\google drive\cloud source code\dec2016gameproject\dec2016gameproject\debug\bunnyear.obj
e:\google drive\cloud source code\dec2016gameproject\dec2016gameproject\debug\buoyancycontroller.obj
e:\google drive\cloud source code\dec2016gameproject\dec2016gameproject\debug\bush.obj
e:\google drive\cloud source code\dec2016gameproject\dec2016gameproject\debug\bushes.obj
e:\google drive\cloud source code\dec2016gameproject\dec2016gameproject\debug\button.obj
e:\google drive\cloud source code\dec2016gameproject\dec2016gameproject\debug\camera.obj
e:\google drive\cloud source code\dec2016gameproject\dec2016gameproject\debug\dec2016g.7c01703c.tlog\cl.command.1.tlog
e:\google drive\cloud source code\dec2016gameproject\dec2016gameproject\debug\dec2016g.7c01703c.tlog\cl.read.1.tlog
e:\google drive\cloud source code\dec2016gameproject\dec2016gameproject\debug\dec2016g.7c01703c.tlog\cl.write.1.tlog
