  Window.cpp
  Vehicle.cpp
  ValleyContainer.cpp
  Trees.cpp
  ThunderCloudValley.cpp
  Texture.cpp
  SoundController.cpp
  SoundContainer.cpp
  Sound.cpp
  Skin.cpp
  Skeleton.cpp
  Shape.cpp
  SettingScreen.cpp
  SendMessage.cpp
  Relector.cpp
  ReflectorContainer.cpp
  PowerPoleContainer.cpp
  PowerPole.cpp
  Poster.cpp
  PoolContainer.cpp
  Generating Code...
e:\google drive\cloud source code\important-open-source-code\open-source\globalheader.h(108): warning C4172: returning address of local variable or temporary
  Compiling...
  Pool.cpp
e:\google drive\cloud source code\dec2016gameproject\dec2016gameproject\pool.cpp : fatal error C1041: cannot open program database 'E:\Google Drive\Cloud Source Code\Dec2016GameProject\Dec2016GameProject\Debug\vc140.idb'; if multiple CL.EXE write to the same .PDB file, please use /FS
  Photon.cpp
e:\google drive\cloud source code\dec2016gameproject\dec2016gameproject\photon.cpp : fatal error C1041: cannot open program database 'E:\Google Drive\Cloud Source Code\Dec2016GameProject\Dec2016GameProject\Debug\vc140.idb'; if multiple CL.EXE write to the same .PDB file, please use /FS
  PerlinNoise.cpp
e:\google drive\cloud source code\dec2016gameproject\dec2016gameproject\perlinnoise.cpp : fatal error C1041: cannot open program database 'E:\Google Drive\Cloud Source Code\Dec2016GameProject\Dec2016GameProject\Debug\vc140.idb'; if multiple CL.EXE write to the same .PDB file, please use /FS
  PauseScreen.cpp
e:\google drive\cloud source code\dec2016gameproject\dec2016gameproject\pausescreen.cpp : fatal error C1041: cannot open program database 'E:\Google Drive\Cloud Source Code\Dec2016GameProject\Dec2016GameProject\Debug\vc140.idb'; if multiple CL.EXE write to the same .PDB file, please use /FS
  Path.cpp
e:\google drive\cloud source code\dec2016gameproject\dec2016gameproject\path.cpp : fatal error C1041: cannot open program database 'E:\Google Drive\Cloud Source Code\Dec2016GameProject\Dec2016GameProject\Debug\vc140.idb'; if multiple CL.EXE write to the same .PDB file, please use /FS
  ParticleSystem.cpp
e:\google drive\cloud source code\dec2016gameproject\dec2016gameproject\particlesystem.cpp : fatal error C1041: cannot open program database 'E:\Google Drive\Cloud Source Code\Dec2016GameProject\Dec2016GameProject\Debug\vc140.idb'; if multiple CL.EXE write to the same .PDB file, please use /FS
  Particle.cpp
e:\google drive\cloud source code\dec2016gameproject\dec2016gameproject\particle.cpp : fatal error C1041: cannot open program database 'E:\Google Drive\Cloud Source Code\Dec2016GameProject\Dec2016GameProject\Debug\vc140.idb'; if multiple CL.EXE write to the same .PDB file, please use /FS
  Mover.cpp
e:\google drive\cloud source code\dec2016gameproject\dec2016gameproject\mover.cpp : fatal error C1041: cannot open program database 'E:\Google Drive\Cloud Source Code\Dec2016GameProject\Dec2016GameProject\Debug\vc140.idb'; if multiple CL.EXE write to the same .PDB file, please use /FS
  MountainMap.cpp
e:\google drive\cloud source code\dec2016gameproject\dec2016gameproject\mountainmap.cpp : fatal error C1041: cannot open program database 'E:\Google Drive\Cloud Source Code\Dec2016GameProject\Dec2016GameProject\Debug\vc140.idb'; if multiple CL.EXE write to the same .PDB file, please use /FS
  MountainBrick.cpp
e:\google drive\cloud source code\dec2016gameproject\dec2016gameproject\mountainbrick.cpp : fatal error C1041: cannot open program database 'E:\Google Drive\Cloud Source Code\Dec2016GameProject\Dec2016GameProject\Debug\vc140.idb'; if multiple CL.EXE write to the same .PDB file, please use /FS
  Mountain.cpp
e:\google drive\cloud source code\dec2016gameproject\dec2016gameproject\mountain.cpp : fatal error C1041: cannot open program database 'E:\Google Drive\Cloud Source Code\Dec2016GameProject\Dec2016GameProject\Debug\vc140.idb'; if multiple CL.EXE write to the same .PDB file, please use /FS
  Monster_Tomatoes.cpp
e:\google drive\cloud source code\dec2016gameproject\dec2016gameproject\monster_tomatoes.cpp : fatal error C1041: cannot open program database 'E:\Google Drive\Cloud Source Code\Dec2016GameProject\Dec2016GameProject\Debug\vc140.idb'; if multiple CL.EXE write to the same .PDB file, please use /FS
  Monster_Tomato.cpp
e:\google drive\cloud source code\dec2016gameproject\dec2016gameproject\monster_tomato.cpp : fatal error C1041: cannot open program database 'E:\Google Drive\Cloud Source Code\Dec2016GameProject\Dec2016GameProject\Debug\vc140.idb'; if multiple CL.EXE write to the same .PDB file, please use /FS
  MenuManager.cpp
e:\google drive\cloud source code\dec2016gameproject\dec2016gameproject\menumanager.cpp : fatal error C1041: cannot open program database 'E:\Google Drive\Cloud Source Code\Dec2016GameProject\Dec2016GameProject\Debug\vc140.idb'; if multiple CL.EXE write to the same .PDB file, please use /FS
  Map.cpp
e:\google drive\cloud source code\dec2016gameproject\dec2016gameproject\map.cpp : fatal error C1041: cannot open program database 'E:\Google Drive\Cloud Source Code\Dec2016GameProject\Dec2016GameProject\Debug\vc140.idb'; if multiple CL.EXE write to the same .PDB file, please use /FS
  MainManager.cpp
e:\google drive\cloud source code\dec2016gameproject\dec2016gameproject\mainmanager.cpp : fatal error C1041: cannot open program database 'E:\Google Drive\Cloud Source Code\Dec2016GameProject\Dec2016GameProject\Debug\vc140.idb'; if multiple CL.EXE write to the same .PDB file, please use /FS
  MainGameProject.cpp
e:\google drive\cloud source code\dec2016gameproject\dec2016gameproject\maingameproject.cpp : fatal error C1041: cannot open program database 'E:\Google Drive\Cloud Source Code\Dec2016GameProject\Dec2016GameProject\Debug\vc140.idb'; if multiple CL.EXE write to the same .PDB file, please use /FS
  main.cpp
e:\google drive\cloud source code\dec2016gameproject\dec2016gameproject\main.cpp : fatal error C1041: cannot open program database 'E:\Google Drive\Cloud Source Code\Dec2016GameProject\Dec2016GameProject\Debug\vc140.idb'; if multiple CL.EXE write to the same .PDB file, please use /FS
  LightningKiller.cpp
e:\google drive\cloud source code\dec2016gameproject\dec2016gameproject\lightningkiller.cpp : fatal error C1041: cannot open program database 'E:\Google Drive\Cloud Source Code\Dec2016GameProject\Dec2016GameProject\Debug\vc140.idb'; if multiple CL.EXE write to the same .PDB file, please use /FS
  Lightning.cpp
e:\google drive\cloud source code\dec2016gameproject\dec2016gameproject\lightning.cpp : fatal error C1041: cannot open program database 'E:\Google Drive\Cloud Source Code\Dec2016GameProject\Dec2016GameProject\Debug\vc140.idb'; if multiple CL.EXE write to the same .PDB file, please use /FS
  Generating Code...
  Compiling...
  LevelManager.cpp
e:\google drive\cloud source code\dec2016gameproject\dec2016gameproject\levelmanager.cpp : fatal error C1041: cannot open program database 'E:\Google Drive\Cloud Source Code\Dec2016GameProject\Dec2016GameProject\Debug\vc140.idb'; if multiple CL.EXE write to the same .PDB file, please use /FS
  Layer.cpp
e:\google drive\cloud source code\dec2016gameproject\dec2016gameproject\layer.cpp : fatal error C1041: cannot open program database 'E:\Google Drive\Cloud Source Code\Dec2016GameProject\Dec2016GameProject\Debug\vc140.idb'; if multiple CL.EXE write to the same .PDB file, please use /FS
  LaserContainer.cpp
e:\google drive\cloud source code\dec2016gameproject\dec2016gameproject\lasercontainer.cpp : fatal error C1041: cannot open program database 'E:\Google Drive\Cloud Source Code\Dec2016GameProject\Dec2016GameProject\Debug\vc140.idb'; if multiple CL.EXE write to the same .PDB file, please use /FS
  Laser.cpp
e:\google drive\cloud source code\dec2016gameproject\dec2016gameproject\laser.cpp : fatal error C1041: cannot open program database 'E:\Google Drive\Cloud Source Code\Dec2016GameProject\Dec2016GameProject\Debug\vc140.idb'; if multiple CL.EXE write to the same .PDB file, please use /FS
  Ground.cpp
  GearKillerMachine.cpp
  GearKillerContainer.cpp
  GearKiller.cpp
  GameObjects.cpp
  GameExperiment.cpp
  GameCursor.cpp
  GameContactListener.cpp
  FlockOfBird.cpp
  Fish.cpp
  Explosion.cpp
  Ecosystem.cpp
  Destination.cpp
  Cluster.cpp
  Cloud.cpp
  Clock.cpp
  Generating Code...
  Compiling...
  Camera.cpp
  Button.cpp
e:\google drive\cloud source code\dec2016gameproject\dec2016gameproject\button.cpp(121): warning C4244: 'argument': conversion from 'float32' to 'int', possible loss of data
  Bushes.cpp
  Bush.cpp
  BuoyancyController.cpp
  BunnyEar.cpp
  BridgeContainer.cpp
  Bridge.cpp
  Brick.cpp
  Bird.cpp
  Background.cpp
  Generating Code...
e:\google drive\cloud source code\important-open-source-code\open-source\globalheader.h(92): warning C4172: returning address of local variable or temporary
